2012-06-25 19:26:17 Error: [MissingControllerException] Controller class PostsController could not be found.
#0 /home/webonise/www.amsc.com/app/webroot/index.php(92): Dispatcher->dispatch(Object(CakeRequest), Object(CakeResponse))
#1 /home/webonise/www.amsc.com/index.php(40): require('/home/webonise/...')
#2 {main}
2012-06-25 19:28:35 Error: [PDOException] SQLSTATE[42S22]: Column not found: 1054 Unknown column 'Profile.user_id' in 'on clause'
#0 /home/webonise/www.amsc.com/lib/Cake/Model/Datasource/DboSource.php(436): PDOStatement->execute(Array)
#1 /home/webonise/www.amsc.com/lib/Cake/Model/Datasource/DboSource.php(402): DboSource->_execute('SELECT `Profile...', Array)
#2 /home/webonise/www.amsc.com/lib/Cake/Model/Datasource/DboSource.php(646): DboSource->execute('SELECT `Profile...', Array, Array)
#3 /home/webonise/www.amsc.com/lib/Cake/Model/Datasource/DboSource.php(1057): DboSource->fetchAll('SELECT `Profile...', false)
#4 /home/webonise/www.amsc.com/lib/Cake/Model/Model.php(2701): DboSource->read(Object(Profile), Array)
#5 /home/webonise/www.amsc.com/lib/Cake/Controller/Component/PaginatorComponent.php(172): Model->find('all', Array)
#6 /home/webonise/www.amsc.com/lib/Cake/Controller/Controller.php(1084): PaginatorComponent->paginate(NULL, Array, Array)
#7 /home/webonise/www.amsc.com/app/Controller/ProfilesController.php(18): Controller->paginate()
#8 [internal function]: ProfilesController->index()
#9 /home/webonise/www.amsc.com/lib/Cake/Controller/Controller.php(485): ReflectionMethod->invokeArgs(Object(ProfilesController), Array)
#10 /home/webonise/www.amsc.com/lib/Cake/Routing/Dispatcher.php(103): Controller->invokeAction(Object(CakeRequest))
#11 /home/webonise/www.amsc.com/lib/Cake/Routing/Dispatcher.php(85): Dispatcher->_invoke(Object(ProfilesController), Object(CakeRequest), Object(CakeResponse))
#12 /home/webonise/www.amsc.com/app/webroot/index.php(92): Dispatcher->dispatch(Object(CakeRequest), Object(CakeResponse))
#13 /home/webonise/www.amsc.com/index.php(40): require('/home/webonise/...')
#14 {main}
2012-06-25 19:28:45 Error: [PDOException] SQLSTATE[42S22]: Column not found: 1054 Unknown column 'Profile.user_id' in 'on clause'
#0 /home/webonise/www.amsc.com/lib/Cake/Model/Datasource/DboSource.php(436): PDOStatement->execute(Array)
#1 /home/webonise/www.amsc.com/lib/Cake/Model/Datasource/DboSource.php(402): DboSource->_execute('SELECT `Profile...', Array)
#2 /home/webonise/www.amsc.com/lib/Cake/Model/Datasource/DboSource.php(646): DboSource->execute('SELECT `Profile...', Array, Array)
#3 /home/webonise/www.amsc.com/lib/Cake/Model/Datasource/DboSource.php(1057): DboSource->fetchAll('SELECT `Profile...', false)
#4 /home/webonise/www.amsc.com/lib/Cake/Model/Model.php(2701): DboSource->read(Object(Profile), Array)
#5 /home/webonise/www.amsc.com/lib/Cake/Controller/Component/PaginatorComponent.php(172): Model->find('all', Array)
#6 /home/webonise/www.amsc.com/lib/Cake/Controller/Controller.php(1084): PaginatorComponent->paginate(NULL, Array, Array)
#7 /home/webonise/www.amsc.com/app/Controller/ProfilesController.php(18): Controller->paginate()
#8 [internal function]: ProfilesController->index()
#9 /home/webonise/www.amsc.com/lib/Cake/Controller/Controller.php(485): ReflectionMethod->invokeArgs(Object(ProfilesController), Array)
#10 /home/webonise/www.amsc.com/lib/Cake/Routing/Dispatcher.php(103): Controller->invokeAction(Object(CakeRequest))
#11 /home/webonise/www.amsc.com/lib/Cake/Routing/Dispatcher.php(85): Dispatcher->_invoke(Object(ProfilesController), Object(CakeRequest), Object(CakeResponse))
#12 /home/webonise/www.amsc.com/app/webroot/index.php(92): Dispatcher->dispatch(Object(CakeRequest), Object(CakeResponse))
#13 /home/webonise/www.amsc.com/index.php(40): require('/home/webonise/...')
#14 {main}
2012-06-25 19:40:23 Error: [PDOException] SQLSTATE[42S22]: Column not found: 1054 Unknown column 'Profile.user_id' in 'on clause'
#0 /home/webonise/www.amsc.com/lib/Cake/Model/Datasource/DboSource.php(436): PDOStatement->execute(Array)
#1 /home/webonise/www.amsc.com/lib/Cake/Model/Datasource/DboSource.php(402): DboSource->_execute('SELECT `Profile...', Array)
#2 /home/webonise/www.amsc.com/lib/Cake/Model/Datasource/DboSource.php(646): DboSource->execute('SELECT `Profile...', Array, Array)
#3 /home/webonise/www.amsc.com/lib/Cake/Model/Datasource/DboSource.php(1057): DboSource->fetchAll('SELECT `Profile...', false)
#4 /home/webonise/www.amsc.com/lib/Cake/Model/Model.php(2701): DboSource->read(Object(Profile), Array)
#5 /home/webonise/www.amsc.com/lib/Cake/Controller/Component/PaginatorComponent.php(172): Model->find('all', Array)
#6 /home/webonise/www.amsc.com/lib/Cake/Controller/Controller.php(1084): PaginatorComponent->paginate(NULL, Array, Array)
#7 /home/webonise/www.amsc.com/app/Controller/ProfilesController.php(18): Controller->paginate()
#8 [internal function]: ProfilesController->index()
#9 /home/webonise/www.amsc.com/lib/Cake/Controller/Controller.php(485): ReflectionMethod->invokeArgs(Object(ProfilesController), Array)
#10 /home/webonise/www.amsc.com/lib/Cake/Routing/Dispatcher.php(103): Controller->invokeAction(Object(CakeRequest))
#11 /home/webonise/www.amsc.com/lib/Cake/Routing/Dispatcher.php(85): Dispatcher->_invoke(Object(ProfilesController), Object(CakeRequest), Object(CakeResponse))
#12 /home/webonise/www.amsc.com/app/webroot/index.php(92): Dispatcher->dispatch(Object(CakeRequest), Object(CakeResponse))
#13 /home/webonise/www.amsc.com/index.php(40): require('/home/webonise/...')
#14 {main}
